<?xml version="1.0" encoding="UTF-8" ?>
<testsuite failures="0" time="0.752" errors="0" skipped="0" tests="126" name="io.druid.query.topn.TopNQueryRunnerTest">
  <properties>
    <property name="java.runtime.name" value="OpenJDK Runtime Environment"/>
    <property name="sun.boot.library.path" value="/usr/lib/jvm/java-7-openjdk-amd64/jre/lib/amd64"/>
    <property name="java.vm.version" value="24.45-b08"/>
    <property name="java.vm.vendor" value="Oracle Corporation"/>
    <property name="java.vendor.url" value="http://java.oracle.com/"/>
    <property name="path.separator" value=":"/>
    <property name="guice.disable.misplaced.annotation.check" value="true"/>
    <property name="java.vm.name" value="OpenJDK 64-Bit Server VM"/>
    <property name="file.encoding.pkg" value="sun.io"/>
    <property name="user.country" value="US"/>
    <property name="sun.java.launcher" value="SUN_STANDARD"/>
    <property name="sun.os.patch.level" value="unknown"/>
    <property name="java.vm.specification.name" value="Java Virtual Machine Specification"/>
    <property name="user.dir" value="/home/hilln/druid"/>
    <property name="java.runtime.version" value="1.7.0_51-b00"/>
    <property name="java.awt.graphicsenv" value="sun.awt.X11GraphicsEnvironment"/>
    <property name="java.endorsed.dirs" value="/usr/lib/jvm/java-7-openjdk-amd64/jre/lib/endorsed"/>
    <property name="os.arch" value="amd64"/>
    <property name="java.io.tmpdir" value="/tmp"/>
    <property name="line.separator" value="
"/>
    <property name="java.vm.specification.vendor" value="Oracle Corporation"/>
    <property name="os.name" value="Linux"/>
    <property name="classworlds.conf" value="/usr/share/maven/bin/m2.conf"/>
    <property name="sun.jnu.encoding" value="UTF-8"/>
    <property name="java.library.path" value="/usr/java/packages/lib/amd64:/usr/lib/x86_64-linux-gnu/jni:/lib/x86_64-linux-gnu:/usr/lib/x86_64-linux-gnu:/usr/lib/jni:/lib:/usr/lib"/>
    <property name="java.specification.name" value="Java Platform API Specification"/>
    <property name="java.class.version" value="51.0"/>
    <property name="sun.management.compiler" value="HotSpot 64-Bit Tiered Compilers"/>
    <property name="os.version" value="3.2.0-55-virtual"/>
    <property name="user.home" value="/home/hilln"/>
    <property name="user.timezone" value="Etc/UTC"/>
    <property name="java.awt.printerjob" value="sun.print.PSPrinterJob"/>
    <property name="file.encoding" value="UTF-8"/>
    <property name="java.specification.version" value="1.7"/>
    <property name="user.name" value="hilln"/>
    <property name="java.class.path" value="/usr/share/maven/boot/plexus-classworlds-2.x.jar"/>
    <property name="java.vm.specification.version" value="1.7"/>
    <property name="sun.arch.data.model" value="64"/>
    <property name="java.home" value="/usr/lib/jvm/java-7-openjdk-amd64/jre"/>
    <property name="sun.java.command" value="org.codehaus.plexus.classworlds.launcher.Launcher package"/>
    <property name="java.specification.vendor" value="Oracle Corporation"/>
    <property name="user.language" value="en"/>
    <property name="awt.toolkit" value="sun.awt.X11.XToolkit"/>
    <property name="java.vm.info" value="mixed mode"/>
    <property name="java.version" value="1.7.0_51"/>
    <property name="java.ext.dirs" value="/usr/lib/jvm/java-7-openjdk-amd64/jre/lib/ext:/usr/java/packages/lib/ext"/>
    <property name="securerandom.source" value="file:/dev/./urandom"/>
    <property name="sun.boot.class.path" value="/usr/lib/jvm/java-7-openjdk-amd64/jre/lib/resources.jar:/usr/lib/jvm/java-7-openjdk-amd64/jre/lib/rt.jar:/usr/lib/jvm/java-7-openjdk-amd64/jre/lib/sunrsasign.jar:/usr/lib/jvm/java-7-openjdk-amd64/jre/lib/jsse.jar:/usr/lib/jvm/java-7-openjdk-amd64/jre/lib/jce.jar:/usr/lib/jvm/java-7-openjdk-amd64/jre/lib/charsets.jar:/usr/lib/jvm/java-7-openjdk-amd64/jre/lib/netx.jar:/usr/lib/jvm/java-7-openjdk-amd64/jre/lib/plugin.jar:/usr/lib/jvm/java-7-openjdk-amd64/jre/lib/rhino.jar:/usr/lib/jvm/java-7-openjdk-amd64/jre/lib/jfr.jar:/usr/lib/jvm/java-7-openjdk-amd64/jre/classes"/>
    <property name="java.vendor" value="Oracle Corporation"/>
    <property name="maven.home" value="/usr/share/maven"/>
    <property name="file.separator" value="/"/>
    <property name="java.vendor.url.bug" value="http://bugreport.sun.com/bugreport/"/>
    <property name="sun.cpu.endian" value="little"/>
    <property name="sun.io.unicode.encoding" value="UnicodeLittle"/>
    <property name="sun.cpu.isalist" value=""/>
  </properties>
  <testcase time="0.035" classname="io.druid.query.topn.TopNQueryRunnerTest" name="testTopNDimExtraction[0]"/>
  <testcase time="0.014" classname="io.druid.query.topn.TopNQueryRunnerTest" name="testTopNWithMultiValueDimFilter1[0]"/>
  <testcase time="0.006" classname="io.druid.query.topn.TopNQueryRunnerTest" name="testTopNWithMultiValueDimFilter2[0]"/>
  <testcase time="0.002" classname="io.druid.query.topn.TopNQueryRunnerTest" name="testTopNWithMultiValueDimFilter3[0]"/>
  <testcase time="0.002" classname="io.druid.query.topn.TopNQueryRunnerTest" name="testTopNWithMultiValueDimFilter4[0]"/>
  <testcase time="0.004" classname="io.druid.query.topn.TopNQueryRunnerTest" name="testTopNWithMultiValueDimFilter5[0]"/>
  <testcase time="0.076" classname="io.druid.query.topn.TopNQueryRunnerTest" name="testFullOnTopN[0]"/>
  <testcase time="0.002" classname="io.druid.query.topn.TopNQueryRunnerTest" name="testTopNWithFilter1[0]"/>
  <testcase time="0.002" classname="io.druid.query.topn.TopNQueryRunnerTest" name="testTopNWithFilter2[0]"/>
  <testcase time="0.003" classname="io.druid.query.topn.TopNQueryRunnerTest" name="testTopN[0]"/>
  <testcase time="0.001" classname="io.druid.query.topn.TopNQueryRunnerTest" name="testTopNWithNonExistentFilter[0]"/>
  <testcase time="0.007" classname="io.druid.query.topn.TopNQueryRunnerTest" name="testTopNLexicographicWithNonExistingPreviousStop[0]"/>
  <testcase time="0.002" classname="io.druid.query.topn.TopNQueryRunnerTest" name="testTopNWithFilter2OneDay[0]"/>
  <testcase time="0.003" classname="io.druid.query.topn.TopNQueryRunnerTest" name="testTopNWithOrFilter1[0]"/>
  <testcase time="0.002" classname="io.druid.query.topn.TopNQueryRunnerTest" name="testTopNWithOrFilter2[0]"/>
  <testcase time="0.065" classname="io.druid.query.topn.TopNQueryRunnerTest" name="testFullOnTopNOverPostAggs[0]"/>
  <testcase time="0.003" classname="io.druid.query.topn.TopNQueryRunnerTest" name="testTopNLexicographic[0]"/>
  <testcase time="0.004" classname="io.druid.query.topn.TopNQueryRunnerTest" name="testInvertedTopNQuery[0]"/>
  <testcase time="0.001" classname="io.druid.query.topn.TopNQueryRunnerTest" name="testTopNWithNonExistentFilterInOr[0]"/>
  <testcase time="0.004" classname="io.druid.query.topn.TopNQueryRunnerTest" name="testTopNWithNonExistentFilterMultiDim[0]"/>
  <testcase time="0.002" classname="io.druid.query.topn.TopNQueryRunnerTest" name="testTopNLexicographicWithPreviousStop[0]"/>
  <testcase time="0.012" classname="io.druid.query.topn.TopNQueryRunnerTest" name="testTopNDimExtraction[1]"/>
  <testcase time="0.012" classname="io.druid.query.topn.TopNQueryRunnerTest" name="testTopNWithMultiValueDimFilter1[1]"/>
  <testcase time="0.02" classname="io.druid.query.topn.TopNQueryRunnerTest" name="testTopNWithMultiValueDimFilter2[1]"/>
  <testcase time="0.003" classname="io.druid.query.topn.TopNQueryRunnerTest" name="testTopNWithMultiValueDimFilter3[1]"/>
  <testcase time="0.005" classname="io.druid.query.topn.TopNQueryRunnerTest" name="testTopNWithMultiValueDimFilter4[1]"/>
  <testcase time="0.007" classname="io.druid.query.topn.TopNQueryRunnerTest" name="testTopNWithMultiValueDimFilter5[1]"/>
  <testcase time="0.039" classname="io.druid.query.topn.TopNQueryRunnerTest" name="testFullOnTopN[1]"/>
  <testcase time="0.002" classname="io.druid.query.topn.TopNQueryRunnerTest" name="testTopNWithFilter1[1]"/>
  <testcase time="0.003" classname="io.druid.query.topn.TopNQueryRunnerTest" name="testTopNWithFilter2[1]"/>
  <testcase time="0.004" classname="io.druid.query.topn.TopNQueryRunnerTest" name="testTopN[1]"/>
  <testcase time="0.002" classname="io.druid.query.topn.TopNQueryRunnerTest" name="testTopNWithNonExistentFilter[1]"/>
  <testcase time="0.004" classname="io.druid.query.topn.TopNQueryRunnerTest" name="testTopNLexicographicWithNonExistingPreviousStop[1]"/>
  <testcase time="0.003" classname="io.druid.query.topn.TopNQueryRunnerTest" name="testTopNWithFilter2OneDay[1]"/>
  <testcase time="0.01" classname="io.druid.query.topn.TopNQueryRunnerTest" name="testTopNWithOrFilter1[1]"/>
  <testcase time="0.005" classname="io.druid.query.topn.TopNQueryRunnerTest" name="testTopNWithOrFilter2[1]"/>
  <testcase time="0.023" classname="io.druid.query.topn.TopNQueryRunnerTest" name="testFullOnTopNOverPostAggs[1]"/>
  <testcase time="0.003" classname="io.druid.query.topn.TopNQueryRunnerTest" name="testTopNLexicographic[1]"/>
  <testcase time="0.003" classname="io.druid.query.topn.TopNQueryRunnerTest" name="testInvertedTopNQuery[1]"/>
  <testcase time="0.005" classname="io.druid.query.topn.TopNQueryRunnerTest" name="testTopNWithNonExistentFilterInOr[1]"/>
  <testcase time="0.002" classname="io.druid.query.topn.TopNQueryRunnerTest" name="testTopNWithNonExistentFilterMultiDim[1]"/>
  <testcase time="0.002" classname="io.druid.query.topn.TopNQueryRunnerTest" name="testTopNLexicographicWithPreviousStop[1]"/>
  <testcase time="0.003" classname="io.druid.query.topn.TopNQueryRunnerTest" name="testTopNDimExtraction[2]"/>
  <testcase time="0.004" classname="io.druid.query.topn.TopNQueryRunnerTest" name="testTopNWithMultiValueDimFilter1[2]"/>
  <testcase time="0.011" classname="io.druid.query.topn.TopNQueryRunnerTest" name="testTopNWithMultiValueDimFilter2[2]"/>
  <testcase time="0.002" classname="io.druid.query.topn.TopNQueryRunnerTest" name="testTopNWithMultiValueDimFilter3[2]"/>
  <testcase time="0.006" classname="io.druid.query.topn.TopNQueryRunnerTest" name="testTopNWithMultiValueDimFilter4[2]"/>
  <testcase time="0.005" classname="io.druid.query.topn.TopNQueryRunnerTest" name="testTopNWithMultiValueDimFilter5[2]"/>
  <testcase time="0.017" classname="io.druid.query.topn.TopNQueryRunnerTest" name="testFullOnTopN[2]"/>
  <testcase time="0.002" classname="io.druid.query.topn.TopNQueryRunnerTest" name="testTopNWithFilter1[2]"/>
  <testcase time="0.002" classname="io.druid.query.topn.TopNQueryRunnerTest" name="testTopNWithFilter2[2]"/>
  <testcase time="0.002" classname="io.druid.query.topn.TopNQueryRunnerTest" name="testTopN[2]"/>
  <testcase time="0.001" classname="io.druid.query.topn.TopNQueryRunnerTest" name="testTopNWithNonExistentFilter[2]"/>
  <testcase time="0.001" classname="io.druid.query.topn.TopNQueryRunnerTest" name="testTopNLexicographicWithNonExistingPreviousStop[2]"/>
  <testcase time="0.002" classname="io.druid.query.topn.TopNQueryRunnerTest" name="testTopNWithFilter2OneDay[2]"/>
  <testcase time="0.008" classname="io.druid.query.topn.TopNQueryRunnerTest" name="testTopNWithOrFilter1[2]"/>
  <testcase time="0.004" classname="io.druid.query.topn.TopNQueryRunnerTest" name="testTopNWithOrFilter2[2]"/>
  <testcase time="0.013" classname="io.druid.query.topn.TopNQueryRunnerTest" name="testFullOnTopNOverPostAggs[2]"/>
  <testcase time="0.002" classname="io.druid.query.topn.TopNQueryRunnerTest" name="testTopNLexicographic[2]"/>
  <testcase time="0.002" classname="io.druid.query.topn.TopNQueryRunnerTest" name="testInvertedTopNQuery[2]"/>
  <testcase time="0.004" classname="io.druid.query.topn.TopNQueryRunnerTest" name="testTopNWithNonExistentFilterInOr[2]"/>
  <testcase time="0.001" classname="io.druid.query.topn.TopNQueryRunnerTest" name="testTopNWithNonExistentFilterMultiDim[2]"/>
  <testcase time="0.002" classname="io.druid.query.topn.TopNQueryRunnerTest" name="testTopNLexicographicWithPreviousStop[2]"/>
  <testcase time="0.002" classname="io.druid.query.topn.TopNQueryRunnerTest" name="testTopNDimExtraction[3]"/>
  <testcase time="0.003" classname="io.druid.query.topn.TopNQueryRunnerTest" name="testTopNWithMultiValueDimFilter1[3]"/>
  <testcase time="0.003" classname="io.druid.query.topn.TopNQueryRunnerTest" name="testTopNWithMultiValueDimFilter2[3]"/>
  <testcase time="0.001" classname="io.druid.query.topn.TopNQueryRunnerTest" name="testTopNWithMultiValueDimFilter3[3]"/>
  <testcase time="0.002" classname="io.druid.query.topn.TopNQueryRunnerTest" name="testTopNWithMultiValueDimFilter4[3]"/>
  <testcase time="0.003" classname="io.druid.query.topn.TopNQueryRunnerTest" name="testTopNWithMultiValueDimFilter5[3]"/>
  <testcase time="0.045" classname="io.druid.query.topn.TopNQueryRunnerTest" name="testFullOnTopN[3]"/>
  <testcase time="0.002" classname="io.druid.query.topn.TopNQueryRunnerTest" name="testTopNWithFilter1[3]"/>
  <testcase time="0.001" classname="io.druid.query.topn.TopNQueryRunnerTest" name="testTopNWithFilter2[3]"/>
  <testcase time="0.002" classname="io.druid.query.topn.TopNQueryRunnerTest" name="testTopN[3]"/>
  <testcase time="0.001" classname="io.druid.query.topn.TopNQueryRunnerTest" name="testTopNWithNonExistentFilter[3]"/>
  <testcase time="0.002" classname="io.druid.query.topn.TopNQueryRunnerTest" name="testTopNLexicographicWithNonExistingPreviousStop[3]"/>
  <testcase time="0.001" classname="io.druid.query.topn.TopNQueryRunnerTest" name="testTopNWithFilter2OneDay[3]"/>
  <testcase time="0.002" classname="io.druid.query.topn.TopNQueryRunnerTest" name="testTopNWithOrFilter1[3]"/>
  <testcase time="0.001" classname="io.druid.query.topn.TopNQueryRunnerTest" name="testTopNWithOrFilter2[3]"/>
  <testcase time="0.033" classname="io.druid.query.topn.TopNQueryRunnerTest" name="testFullOnTopNOverPostAggs[3]"/>
  <testcase time="0.005" classname="io.druid.query.topn.TopNQueryRunnerTest" name="testTopNLexicographic[3]"/>
  <testcase time="0.002" classname="io.druid.query.topn.TopNQueryRunnerTest" name="testInvertedTopNQuery[3]"/>
  <testcase time="0.001" classname="io.druid.query.topn.TopNQueryRunnerTest" name="testTopNWithNonExistentFilterInOr[3]"/>
  <testcase time="0.001" classname="io.druid.query.topn.TopNQueryRunnerTest" name="testTopNWithNonExistentFilterMultiDim[3]"/>
  <testcase time="0.001" classname="io.druid.query.topn.TopNQueryRunnerTest" name="testTopNLexicographicWithPreviousStop[3]"/>
  <testcase time="0.001" classname="io.druid.query.topn.TopNQueryRunnerTest" name="testTopNDimExtraction[4]"/>
  <testcase time="0.007" classname="io.druid.query.topn.TopNQueryRunnerTest" name="testTopNWithMultiValueDimFilter1[4]"/>
  <testcase time="0.012" classname="io.druid.query.topn.TopNQueryRunnerTest" name="testTopNWithMultiValueDimFilter2[4]"/>
  <testcase time="0.002" classname="io.druid.query.topn.TopNQueryRunnerTest" name="testTopNWithMultiValueDimFilter3[4]"/>
  <testcase time="0.004" classname="io.druid.query.topn.TopNQueryRunnerTest" name="testTopNWithMultiValueDimFilter4[4]"/>
  <testcase time="0.003" classname="io.druid.query.topn.TopNQueryRunnerTest" name="testTopNWithMultiValueDimFilter5[4]"/>
  <testcase time="0.015" classname="io.druid.query.topn.TopNQueryRunnerTest" name="testFullOnTopN[4]"/>
  <testcase time="0.001" classname="io.druid.query.topn.TopNQueryRunnerTest" name="testTopNWithFilter1[4]"/>
  <testcase time="0.002" classname="io.druid.query.topn.TopNQueryRunnerTest" name="testTopNWithFilter2[4]"/>
  <testcase time="0.001" classname="io.druid.query.topn.TopNQueryRunnerTest" name="testTopN[4]"/>
  <testcase time="0.001" classname="io.druid.query.topn.TopNQueryRunnerTest" name="testTopNWithNonExistentFilter[4]"/>
  <testcase time="0.001" classname="io.druid.query.topn.TopNQueryRunnerTest" name="testTopNLexicographicWithNonExistingPreviousStop[4]"/>
  <testcase time="0.002" classname="io.druid.query.topn.TopNQueryRunnerTest" name="testTopNWithFilter2OneDay[4]"/>
  <testcase time="0.006" classname="io.druid.query.topn.TopNQueryRunnerTest" name="testTopNWithOrFilter1[4]"/>
  <testcase time="0.003" classname="io.druid.query.topn.TopNQueryRunnerTest" name="testTopNWithOrFilter2[4]"/>
  <testcase time="0.005" classname="io.druid.query.topn.TopNQueryRunnerTest" name="testFullOnTopNOverPostAggs[4]"/>
  <testcase time="0.002" classname="io.druid.query.topn.TopNQueryRunnerTest" name="testTopNLexicographic[4]"/>
  <testcase time="0.002" classname="io.druid.query.topn.TopNQueryRunnerTest" name="testInvertedTopNQuery[4]"/>
  <testcase time="0.004" classname="io.druid.query.topn.TopNQueryRunnerTest" name="testTopNWithNonExistentFilterInOr[4]"/>
  <testcase time="0.001" classname="io.druid.query.topn.TopNQueryRunnerTest" name="testTopNWithNonExistentFilterMultiDim[4]"/>
  <testcase time="0.002" classname="io.druid.query.topn.TopNQueryRunnerTest" name="testTopNLexicographicWithPreviousStop[4]"/>
  <testcase time="0.002" classname="io.druid.query.topn.TopNQueryRunnerTest" name="testTopNDimExtraction[5]"/>
  <testcase time="0.002" classname="io.druid.query.topn.TopNQueryRunnerTest" name="testTopNWithMultiValueDimFilter1[5]"/>
  <testcase time="0.01" classname="io.druid.query.topn.TopNQueryRunnerTest" name="testTopNWithMultiValueDimFilter2[5]"/>
  <testcase time="0.002" classname="io.druid.query.topn.TopNQueryRunnerTest" name="testTopNWithMultiValueDimFilter3[5]"/>
  <testcase time="0.004" classname="io.druid.query.topn.TopNQueryRunnerTest" name="testTopNWithMultiValueDimFilter4[5]"/>
  <testcase time="0.003" classname="io.druid.query.topn.TopNQueryRunnerTest" name="testTopNWithMultiValueDimFilter5[5]"/>
  <testcase time="0.005" classname="io.druid.query.topn.TopNQueryRunnerTest" name="testFullOnTopN[5]"/>
  <testcase time="0.001" classname="io.druid.query.topn.TopNQueryRunnerTest" name="testTopNWithFilter1[5]"/>
  <testcase time="0.001" classname="io.druid.query.topn.TopNQueryRunnerTest" name="testTopNWithFilter2[5]"/>
  <testcase time="0.002" classname="io.druid.query.topn.TopNQueryRunnerTest" name="testTopN[5]"/>
  <testcase time="0.001" classname="io.druid.query.topn.TopNQueryRunnerTest" name="testTopNWithNonExistentFilter[5]"/>
  <testcase time="0.002" classname="io.druid.query.topn.TopNQueryRunnerTest" name="testTopNLexicographicWithNonExistingPreviousStop[5]"/>
  <testcase time="0.001" classname="io.druid.query.topn.TopNQueryRunnerTest" name="testTopNWithFilter2OneDay[5]"/>
  <testcase time="0.005" classname="io.druid.query.topn.TopNQueryRunnerTest" name="testTopNWithOrFilter1[5]"/>
  <testcase time="0.004" classname="io.druid.query.topn.TopNQueryRunnerTest" name="testTopNWithOrFilter2[5]"/>
  <testcase time="0.004" classname="io.druid.query.topn.TopNQueryRunnerTest" name="testFullOnTopNOverPostAggs[5]"/>
  <testcase time="0.002" classname="io.druid.query.topn.TopNQueryRunnerTest" name="testTopNLexicographic[5]"/>
  <testcase time="0.002" classname="io.druid.query.topn.TopNQueryRunnerTest" name="testInvertedTopNQuery[5]"/>
  <testcase time="0.003" classname="io.druid.query.topn.TopNQueryRunnerTest" name="testTopNWithNonExistentFilterInOr[5]"/>
  <testcase time="0.001" classname="io.druid.query.topn.TopNQueryRunnerTest" name="testTopNWithNonExistentFilterMultiDim[5]"/>
  <testcase time="0.001" classname="io.druid.query.topn.TopNQueryRunnerTest" name="testTopNLexicographicWithPreviousStop[5]"/>
</testsuite>